{
  message: '🔗 Connected to Database',
  level: 'info',
  label: 'UM',
  timestamp: '2023-09-05T06:41:02.008Z'
}
{
  message: 'Application app listening on port 5000',
  level: 'info',
  label: 'UM',
  timestamp: '2023-09-05T06:41:02.146Z'
}
Tue Sep 05 2023 12:42:59  [UM] info: 🔗 Connected to Database
Tue Sep 05 2023 12:42:59  [UM] info: Application app listening on port 5000
Tue Sep 05 2023 12:43:30  [UM] info: 🔗 Connected to Database
Tue Sep 05 2023 12:43:30  [UM] info: Application app listening on port 5000
Tue Sep 05 2023 12:43:49  [UM] info: 🔗 Connected to Database
Tue Sep 05 2023 12:43:49  [UM] info: Application app listening on port 5000
Tue Sep 05 2023 12:43:58  [UM] info: 🔗 Connected to Database
Tue Sep 05 2023 12:43:58  [UM] info: Application app listening on port 5000
Tue Sep 05 2023 12:44:15 pm  [UM] info: 🔗 Connected to Database
Tue Sep 05 2023 12:44:15 pm  [UM] info: Application app listening on port 5000
Tue Sep 05 2023 12:44:31 pm  [UM] info: 🔗 Connected to Database
Tue Sep 05 2023 12:44:31 pm  [UM] info: Application app listening on port 5000
Tue Sep 05 2023 12:46:13 pm  [UM] info: 🔗 Connected to Database
Tue Sep 05 2023 12:46:13 pm  [UM] info: Application app listening on port 5000
